Name                                                                                                                      Stmts   Miss  Cover   Missing
-------------------------------------------------------------------------------------------------------------------------------------------------------
app/__init__.py                                                                                                               0      0   100%
app/mod_classes.py                                                                                                          204    126    38%   59, 85, 126, 156-157, 175-212, 228-284, 302-364, 397-399, 420-439, 453-478, 492-522, 551-553, 561-573, 590-624, 636-672, 685-737
app/mod_project.py                                                                                                           57     34    40%   41-69, 87, 91-95, 99-102, 107-108, 112-115, 123-130, 134, 139
core/__init__.py                                                                                                              0      0   100%
core/classes/__init__.py                                                                                                      0      0   100%
core/classes/app_class.py                                                                                                    56      5    91%   46-48, 61-65
core/classes/bucket_class.py                                                                                                164     35    79%   43, 195-197, 210-212, 246, 253-256, 259, 265-278, 281, 284-286, 288-291, 348-349, 361, 364
core/classes/config_class.py                                                                                                 14      1    93%   42
core/classes/core_class.py                                                                                                  100     60    40%   59-61, 95-97, 117-141, 157-176, 192-204, 212-215, 229-233, 251-254, 260-263
core/classes/helper_class.py                                                                                                 10      1    90%   37
core/classes/json_class.py                                                                                                   43     16    63%   32, 56, 69-73, 81-84, 90-93, 110-114, 120-123, 129-132
core/core_module.py                                                                                                         317    106    67%   40-42, 74-75, 92-93, 131-132, 194-200, 236-239, 243-268, 349-355, 386-388, 403-407, 433-435, 453-457, 460, 478-485, 495-497, 517-519, 566-567, 603, 626-627, 631, 636-638, 676-677, 709-713, 729, 743, 747, 756, 788, 793-794, 845-847, 862-868, 885-901, 918-928
core/core_parser.py                                                                                                          47     17    64%   70-73, 80-87, 91, 109-111, 125, 156-165
core/core_toolset.py                                                                                                        205     70    66%   38-54, 158, 203, 210, 227-234, 261-264, 267-274, 329-332, 351-370, 395-396, 401, 423-424, 462-471, 485-493, 523-529, 535, 553-555, 622-626, 641-643
core/modules/sharepoint/__init__.py                                                                                           0      0   100%
core/modules/sharepoint/mssp_features.py                                                                                    238    208    13%   69-74, 92-148, 166-228, 246-307, 325-356, 369-401, 415-480, 500-590, 603-680, 690-750, 766-809
core/modules/sharepoint/mssp_storage.py                                                                                     284    234    18%   154-193, 203-216, 228-242, 252-287, 297-324, 334-365, 375-380, 390-460, 470-574, 584-599, 609-677, 687-774, 784-855, 865-934, 944-950
project.py                                                                                                                   28      8    71%   49, 75-81
-------------------------------------------------------------------------------------------------------------------------------------------------------
TOTAL                                                                                                                     22762  15896    30%