Timestamp: 231112-165534

Module: core/core_toolset.py -> script_logging (535)
Module: core/core_toolset.py -> name_iterator (389)
Module: core/core_toolset.py -> script_logging (535)
Module: core/core_module.py -> load_script (784)
Module: core/core_module.py -> load_project (725)
Module: core/core_module.py -> load_assets (512)
Module: core/core_module.py -> load_config (622)
Module: core/core_toolset.py -> get_filestat (318)
Module: core/core_toolset.py -> bucket_sizetype (73)
Module: core/core_module.py -> extend_config (283)
Module: core/core_module.py -> load_buckets (581)
Module: core/core_module.py -> import_config (370)
Module: core/core_module.py -> load_config (622)
Module: core/core_toolset.py -> get_filestat (318)
Module: core/core_toolset.py -> bucket_sizetype (73)
Module: core/core_module.py -> load_config (622)
Module: core/core_toolset.py -> get_filestat (318)
Module: core/core_toolset.py -> bucket_sizetype (73)
Module: core/core_module.py -> load_config (622)
Module: core/core_toolset.py -> get_filestat (318)
Module: core/core_toolset.py -> bucket_sizetype (73)
Module: core/core_module.py -> configure_gitrepo (112)
Module: core/core_parser.py -> user_input (29)
Module: core/core_parser.py -> user_parser (106)
Module: core/core_module.py -> configure_features (55)
Module: core/core_module.py -> import_config (370)
Module: core/core_module.py -> configure_parameter (147)
Module: core/core_module.py -> inspect_parameter (422)
Module: core/core_module.py -> inspect_parameter (422)
Module: core/core_module.py -> inspect_parameter (422)
Module: core/core_module.py -> inspect_parameter (422)
Module: core/core_module.py -> inspect_parameter (422)
Module: core/core_module.py -> configure_parameter (147)
Module: core/core_module.py -> inspect_parameter (422)
Module: core/core_module.py -> inspect_parameter (422)
Module: core/core_module.py -> inspect_parameter (422)
Module: core/core_module.py -> inspect_parameter (422)
Module: core/core_module.py -> inspect_parameter (422)
Module: core/core_module.py -> configure_parameter (147)
Module: core/core_module.py -> inspect_parameter (422)
Module: core/core_module.py -> inspect_parameter (422)
Module: core/core_module.py -> inspect_parameter (422)
Module: core/core_module.py -> inspect_parameter (422)
Module: core/core_module.py -> inspect_parameter (422)
Module: core/core_module.py -> inspect_parameter (422)
Module: core/core_module.py -> configure_parameter (147)
Module: core/core_module.py -> inspect_parameter (422)
Module: core/core_module.py -> inspect_parameter (422)
Module: core/core_module.py -> inspect_parameter (422)
Module: core/core_module.py -> inspect_parameter (422)
Module: core/core_module.py -> inspect_parameter (422)
Module: core/core_module.py -> inspect_parameter (422)
Module: core/core_module.py -> configure_parameter (147)
Module: core/core_module.py -> inspect_parameter (422)
Module: core/core_module.py -> inspect_parameter (422)
Module: core/core_module.py -> inspect_parameter (422)
Module: core/core_module.py -> inspect_parameter (422)
Module: core/core_module.py -> inspect_parameter (422)
Module: core/core_module.py -> inspect_parameter (422)
Module: core/core_module.py -> configure_parameter (147)
Module: core/core_module.py -> inspect_parameter (422)
Module: core/core_module.py -> inspect_parameter (422)
Module: core/core_module.py -> inspect_parameter (422)
Module: core/core_module.py -> inspect_parameter (422)
Module: core/core_module.py -> inspect_parameter (422)
Module: core/core_module.py -> inspect_parameter (422)
Module: core/core_module.py -> configure_parameter (147)
Module: core/core_module.py -> inspect_parameter (422)
Module: core/core_module.py -> inspect_parameter (422)
Module: core/core_module.py -> inspect_parameter (422)
Module: core/core_module.py -> inspect_parameter (422)
Module: core/core_module.py -> inspect_parameter (422)
Module: core/core_module.py -> configure_parameter (147)
Module: core/core_module.py -> inspect_parameter (422)
Module: core/core_module.py -> inspect_parameter (422)
Module: core/core_module.py -> inspect_parameter (422)
Module: core/core_module.py -> inspect_parameter (422)
Module: core/core_module.py -> inspect_parameter (422)
Module: core/core_module.py -> configure_parameter (147)
Module: core/core_module.py -> inspect_parameter (422)
Module: core/core_module.py -> inspect_parameter (422)
Module: core/core_module.py -> inspect_parameter (422)
Module: core/core_module.py -> inspect_parameter (422)
Module: core/core_module.py -> inspect_parameter (422)
Module: core/core_module.py -> configure_parameter (147)
Module: core/core_module.py -> inspect_parameter (422)
Module: core/core_module.py -> inspect_parameter (422)
Module: core/core_module.py -> inspect_parameter (422)
Module: core/core_module.py -> inspect_parameter (422)
Module: core/core_module.py -> inspect_parameter (422)
Module: core/core_module.py -> configure_parameter (147)
Module: core/core_module.py -> inspect_parameter (422)
Module: core/core_module.py -> inspect_parameter (422)
Module: core/core_module.py -> inspect_parameter (422)
Module: core/core_module.py -> inspect_parameter (422)
Module: core/core_module.py -> inspect_parameter (422)
Module: core/core_module.py -> configure_parameter (147)
Module: core/core_module.py -> inspect_parameter (422)
Module: core/core_module.py -> inspect_parameter (422)
Module: core/core_module.py -> inspect_parameter (422)
Module: core/core_module.py -> inspect_parameter (422)
Module: core/core_module.py -> inspect_parameter (422)
Module: core/core_module.py -> configure_parameter (147)
Module: core/core_module.py -> inspect_parameter (422)
Module: core/core_module.py -> inspect_parameter (422)
Module: core/core_module.py -> inspect_parameter (422)
Module: core/core_module.py -> inspect_parameter (422)
Module: core/core_module.py -> inspect_parameter (422)
Module: core/core_module.py -> configure_parameter (147)
Module: core/core_module.py -> inspect_parameter (422)
Module: core/core_module.py -> inspect_parameter (422)
Module: core/core_module.py -> inspect_parameter (422)
Module: core/core_module.py -> inspect_parameter (422)
Module: core/core_module.py -> inspect_parameter (422)
Module: core/core_module.py -> configure_parameter (147)
Module: core/core_module.py -> inspect_parameter (422)
Module: core/core_module.py -> inspect_parameter (422)
Module: core/core_module.py -> inspect_parameter (422)
Module: core/core_module.py -> inspect_parameter (422)
Module: core/core_module.py -> inspect_parameter (422)
Module: core/core_module.py -> inspect_parameter (422)
Module: core/core_module.py -> configure_parameter (147)
Module: core/core_module.py -> inspect_parameter (422)
Module: core/core_module.py -> inspect_parameter (422)
Module: core/core_module.py -> inspect_parameter (422)
Module: core/core_module.py -> inspect_parameter (422)
Module: core/core_module.py -> inspect_parameter (422)
Module: core/core_module.py -> configure_parameter (147)
Module: core/core_module.py -> inspect_parameter (422)
Module: core/core_module.py -> inspect_parameter (422)
Module: core/core_module.py -> inspect_parameter (422)
Module: core/core_module.py -> inspect_parameter (422)
Module: core/core_module.py -> inspect_parameter (422)
Module: core/core_module.py -> configure_parameter (147)
Module: core/core_module.py -> inspect_parameter (422)
Module: core/core_module.py -> inspect_parameter (422)
Module: core/core_module.py -> inspect_parameter (422)
Module: core/core_module.py -> inspect_parameter (422)
Module: core/core_module.py -> inspect_parameter (422)
Module: core/core_module.py -> configure_parameter (147)
Module: core/core_module.py -> inspect_parameter (422)
Module: core/core_module.py -> inspect_parameter (422)
Module: core/core_module.py -> inspect_parameter (422)
Module: core/core_module.py -> inspect_parameter (422)
Module: core/core_module.py -> inspect_parameter (422)
Module: core/core_module.py -> configure_parameter (147)
Module: core/core_module.py -> inspect_parameter (422)
Module: core/core_module.py -> inspect_parameter (422)
Module: core/core_module.py -> inspect_parameter (422)
Module: core/core_module.py -> inspect_parameter (422)
Module: core/core_module.py -> inspect_parameter (422)
Module: core/core_module.py -> configure_parameter (147)
Module: core/core_module.py -> inspect_parameter (422)
Module: core/core_module.py -> inspect_parameter (422)
Module: core/core_module.py -> inspect_parameter (422)
Module: core/core_module.py -> inspect_parameter (422)
Module: core/core_module.py -> inspect_parameter (422)
Module: core/core_module.py -> configure_parameter (147)
Module: core/core_module.py -> inspect_parameter (422)
Module: core/core_module.py -> inspect_parameter (422)
Module: core/core_module.py -> inspect_parameter (422)
Module: core/core_module.py -> inspect_parameter (422)
Module: core/core_module.py -> inspect_parameter (422)
Module: core/core_module.py -> configure_parameter (147)
Module: core/core_module.py -> inspect_parameter (422)
Module: core/core_module.py -> inspect_parameter (422)
Module: core/core_module.py -> inspect_parameter (422)
Module: core/core_module.py -> inspect_parameter (422)
Module: core/core_module.py -> inspect_parameter (422)
Module: core/core_module.py -> configure_parameter (147)
Module: core/core_module.py -> inspect_parameter (422)
Module: core/core_module.py -> inspect_parameter (422)
Module: core/core_module.py -> inspect_parameter (422)
Module: core/core_module.py -> inspect_parameter (422)
Module: core/core_module.py -> inspect_parameter (422)
Module: core/core_module.py -> configure_parameter (147)
Module: core/core_module.py -> inspect_parameter (422)
Module: core/core_module.py -> inspect_parameter (422)
Module: core/core_module.py -> inspect_parameter (422)
Module: core/core_module.py -> inspect_parameter (422)
Module: core/core_module.py -> inspect_parameter (422)
Module: ./project.py -> main (34)
Module: app/mod_project.py -> main (30)
Module: app/mod_classes.py -> __init__ (53)
Module: core/classes/app_class.py -> __init__ (42)
Module: core/classes/config_class.py -> __init__ (37)
Module: core/classes/helper_class.py -> __init__ (32)
Module: core/classes/bucket_class.py -> __init__ (38)
Module: core/classes/core_class.py -> __init__ (55)
Module: core/classes/json_class.py -> __init__ (29)
Module: core/classes/json_class.py -> set_value (50)
Module: core/classes/json_class.py -> __init__ (29)
Module: core/classes/json_class.py -> set_value (50)
Module: core/classes/json_class.py -> __init__ (29)
Module: core/classes/json_class.py -> set_value (50)
Module: core/classes/json_class.py -> set_value (50)
Module: core/classes/json_class.py -> set_value (50)
Module: core/classes/json_class.py -> set_value (50)
Module: core/classes/json_class.py -> set_value (50)
Module: core/classes/json_class.py -> __init__ (29)
Module: core/classes/json_class.py -> set_value (50)
Module: core/classes/json_class.py -> set_value (50)
Module: core/classes/json_class.py -> set_value (50)
Module: core/classes/json_class.py -> set_value (50)
Module: core/classes/json_class.py -> __init__ (29)
Module: core/classes/json_class.py -> set_value (50)
Module: core/classes/json_class.py -> set_value (50)
Module: core/classes/json_class.py -> set_value (50)
Module: core/classes/json_class.py -> set_value (50)
Module: core/classes/json_class.py -> __init__ (29)
Module: core/classes/json_class.py -> set_value (50)
Module: core/classes/json_class.py -> set_value (50)
Module: core/classes/json_class.py -> set_value (50)
Module: core/classes/json_class.py -> set_value (50)
Module: core/classes/json_class.py -> __init__ (29)
Module: core/classes/json_class.py -> set_value (50)
Module: core/classes/json_class.py -> set_value (50)
Module: core/classes/json_class.py -> set_value (50)
Module: core/classes/json_class.py -> set_value (50)
Module: core/classes/json_class.py -> __init__ (29)
Module: core/classes/json_class.py -> set_value (50)
Module: core/classes/json_class.py -> __init__ (29)
Module: core/classes/json_class.py -> set_value (50)
Module: core/classes/json_class.py -> set_value (50)
Module: core/classes/json_class.py -> set_value (50)
Module: core/classes/json_class.py -> set_value (50)
Module: core/classes/json_class.py -> set_value (50)
Module: core/classes/json_class.py -> __init__ (29)
Module: core/classes/json_class.py -> set_value (50)
Module: core/classes/json_class.py -> set_value (50)
Module: core/classes/json_class.py -> set_value (50)
Module: core/classes/json_class.py -> set_value (50)
Module: core/classes/json_class.py -> set_value (50)
Module: core/classes/json_class.py -> set_value (50)
Module: core/classes/json_class.py -> __init__ (29)
Module: core/classes/json_class.py -> set_value (50)
Module: core/classes/json_class.py -> set_value (50)
Module: core/classes/json_class.py -> set_value (50)
Module: core/classes/json_class.py -> set_value (50)
Module: core/classes/json_class.py -> set_value (50)
Module: core/classes/json_class.py -> __init__ (29)
Module: core/classes/json_class.py -> set_value (50)
Module: core/classes/json_class.py -> set_value (50)
Module: core/classes/json_class.py -> set_value (50)
Module: core/classes/json_class.py -> __init__ (29)
Module: core/classes/json_class.py -> set_value (50)
Module: core/classes/json_class.py -> set_value (50)
Module: core/classes/json_class.py -> set_value (50)
Module: core/classes/json_class.py -> set_value (50)
Module: core/classes/json_class.py -> set_value (50)
Module: core/classes/json_class.py -> set_value (50)
Module: core/classes/json_class.py -> set_value (50)
Module: core/classes/json_class.py -> set_value (50)
Module: core/classes/json_class.py -> __init__ (29)
Module: core/classes/json_class.py -> set_value (50)
Module: core/classes/json_class.py -> set_value (50)
Module: core/classes/json_class.py -> set_value (50)
Module: core/classes/json_class.py -> __init__ (29)
Module: core/classes/json_class.py -> set_value (50)
Module: core/classes/json_class.py -> set_value (50)
Module: core/classes/json_class.py -> set_value (50)
Module: core/classes/json_class.py -> set_value (50)
Module: core/classes/json_class.py -> set_value (50)
Module: core/classes/json_class.py -> __init__ (29)
Module: core/classes/json_class.py -> set_value (50)
Module: core/classes/json_class.py -> set_value (50)
Module: core/classes/json_class.py -> set_value (50)
Module: core/classes/json_class.py -> set_value (50)
Module: core/classes/json_class.py -> set_value (50)
Module: core/classes/json_class.py -> __init__ (29)
Module: core/classes/json_class.py -> set_value (50)
Module: core/classes/json_class.py -> set_value (50)
Module: core/classes/json_class.py -> set_value (50)
Module: core/classes/json_class.py -> set_value (50)
Module: core/classes/json_class.py -> set_value (50)
Module: core/classes/json_class.py -> set_value (50)
Module: core/classes/json_class.py -> __init__ (29)
Module: core/classes/json_class.py -> set_value (50)
Module: core/classes/json_class.py -> set_value (50)
Module: core/classes/json_class.py -> set_value (50)
Module: core/classes/json_class.py -> set_value (50)
Module: core/classes/json_class.py -> set_value (50)
Module: core/classes/json_class.py -> set_value (50)
Module: core/classes/json_class.py -> __init__ (29)
Module: core/classes/json_class.py -> set_value (50)
Module: core/classes/json_class.py -> set_value (50)
Module: core/classes/json_class.py -> set_value (50)
Module: core/classes/json_class.py -> set_value (50)
Module: core/classes/json_class.py -> set_value (50)
Module: core/classes/json_class.py -> set_value (50)
Module: core/classes/json_class.py -> set_value (50)
Module: core/classes/json_class.py -> __init__ (29)
Module: core/classes/json_class.py -> set_value (50)
Module: core/classes/json_class.py -> set_value (50)
Module: core/classes/json_class.py -> set_value (50)
Module: core/classes/json_class.py -> set_value (50)
Module: core/classes/json_class.py -> set_value (50)
Module: core/classes/json_class.py -> set_value (50)
Module: core/classes/json_class.py -> set_value (50)
Module: core/classes/json_class.py -> __init__ (29)
Module: core/classes/json_class.py -> set_value (50)
Module: core/classes/json_class.py -> set_value (50)
Module: core/classes/json_class.py -> set_value (50)
Module: core/classes/json_class.py -> set_value (50)
Module: core/classes/json_class.py -> set_value (50)
Module: core/classes/json_class.py -> set_value (50)
Module: core/classes/json_class.py -> set_value (50)
Module: core/classes/json_class.py -> set_value (50)
Module: core/classes/json_class.py -> __init__ (29)
Module: core/classes/json_class.py -> set_value (50)
Module: core/classes/json_class.py -> set_value (50)
Module: core/classes/json_class.py -> set_value (50)
Module: core/classes/json_class.py -> set_value (50)
Module: core/classes/json_class.py -> set_value (50)
Module: core/classes/json_class.py -> set_value (50)
Module: core/classes/json_class.py -> set_value (50)
Module: core/classes/json_class.py -> __init__ (29)
Module: core/classes/json_class.py -> set_value (50)
Module: core/classes/json_class.py -> set_value (50)
Module: core/classes/json_class.py -> set_value (50)
Module: core/classes/json_class.py -> set_value (50)
Module: core/classes/json_class.py -> set_value (50)
Module: core/classes/json_class.py -> __init__ (29)
Module: core/classes/json_class.py -> set_value (50)
Module: core/classes/json_class.py -> set_value (50)
Module: core/classes/json_class.py -> set_value (50)
Module: core/classes/json_class.py -> set_value (50)
Module: core/classes/json_class.py -> set_value (50)
Module: core/classes/json_class.py -> __init__ (29)
Module: core/classes/json_class.py -> set_value (50)
Module: core/classes/json_class.py -> set_value (50)
Module: core/classes/json_class.py -> set_value (50)
Module: core/classes/json_class.py -> set_value (50)
Module: core/classes/json_class.py -> set_value (50)
Module: core/classes/json_class.py -> set_value (50)
Module: core/classes/json_class.py -> __init__ (29)
Module: core/classes/json_class.py -> set_value (50)
Module: core/classes/json_class.py -> set_value (50)
Module: core/classes/json_class.py -> set_value (50)
Module: core/classes/json_class.py -> set_value (50)
Module: core/classes/json_class.py -> set_value (50)
Module: core/classes/json_class.py -> set_value (50)
Module: core/classes/json_class.py -> __init__ (29)
Module: core/classes/json_class.py -> set_value (50)
Module: core/classes/json_class.py -> set_value (50)
Module: core/classes/json_class.py -> set_value (50)
Module: core/classes/json_class.py -> set_value (50)
Module: core/classes/json_class.py -> set_value (50)
Module: core/classes/json_class.py -> set_value (50)
Module: core/classes/json_class.py -> set_value (50)
Module: core/classes/json_class.py -> set_value (50)
Module: core/classes/json_class.py -> __init__ (29)
Module: core/classes/json_class.py -> set_value (50)
Module: core/classes/json_class.py -> set_value (50)
Module: core/classes/json_class.py -> set_value (50)
Module: core/classes/json_class.py -> set_value (50)
Module: core/classes/json_class.py -> set_value (50)
Module: core/classes/json_class.py -> __init__ (29)
Module: core/classes/json_class.py -> set_value (50)
Module: core/classes/json_class.py -> set_value (50)
Module: core/classes/json_class.py -> set_value (50)
Module: core/classes/json_class.py -> set_value (50)
Module: core/classes/json_class.py -> set_value (50)
Module: core/classes/json_class.py -> set_value (50)
Module: core/classes/json_class.py -> set_value (50)
Module: core/classes/json_class.py -> __init__ (29)
Module: core/classes/json_class.py -> set_value (50)
Module: core/classes/json_class.py -> set_value (50)
Module: core/classes/json_class.py -> set_value (50)
Module: core/classes/json_class.py -> set_value (50)
Module: core/classes/json_class.py -> set_value (50)
Module: core/classes/json_class.py -> __init__ (29)
Module: core/classes/json_class.py -> set_value (50)
Module: core/classes/json_class.py -> set_value (50)
Module: core/classes/json_class.py -> set_value (50)
Module: core/classes/json_class.py -> set_value (50)
Module: core/classes/json_class.py -> set_value (50)
Module: core/classes/json_class.py -> set_value (50)
Module: core/classes/json_class.py -> __init__ (29)
Module: core/classes/json_class.py -> set_value (50)
Module: core/classes/json_class.py -> set_value (50)
Module: core/classes/json_class.py -> set_value (50)
Module: core/classes/json_class.py -> set_value (50)
Module: core/classes/json_class.py -> set_value (50)
Module: core/classes/json_class.py -> set_value (50)
Module: core/classes/json_class.py -> __init__ (29)
Module: core/classes/json_class.py -> set_value (50)
Module: core/classes/json_class.py -> set_value (50)
Module: core/classes/json_class.py -> set_value (50)
Module: core/classes/json_class.py -> set_value (50)
Module: core/classes/json_class.py -> set_value (50)
Module: core/classes/json_class.py -> set_value (50)
Module: core/classes/json_class.py -> set_value (50)
Module: core/classes/json_class.py -> set_value (50)
Module: core/classes/json_class.py -> __init__ (29)
Module: core/classes/json_class.py -> set_value (50)
Module: core/classes/json_class.py -> set_value (50)
Module: core/classes/json_class.py -> set_value (50)
Module: core/classes/json_class.py -> set_value (50)
Module: core/classes/json_class.py -> set_value (50)
Module: core/classes/json_class.py -> set_value (50)
Module: core/classes/json_class.py -> set_value (50)
Module: core/classes/json_class.py -> __init__ (29)
Module: core/classes/json_class.py -> set_value (50)
Module: core/classes/json_class.py -> set_value (50)
Module: core/classes/json_class.py -> set_value (50)
Module: core/classes/json_class.py -> set_value (50)
Module: core/classes/json_class.py -> set_value (50)
Module: core/classes/json_class.py -> set_value (50)
Module: core/classes/json_class.py -> __init__ (29)
Module: core/classes/json_class.py -> set_value (50)
Module: core/classes/json_class.py -> set_value (50)
Module: core/classes/json_class.py -> set_value (50)
Module: core/classes/json_class.py -> set_value (50)
Module: core/classes/json_class.py -> set_value (50)
Module: core/classes/json_class.py -> set_value (50)
Module: core/classes/json_class.py -> set_value (50)
Module: core/classes/json_class.py -> __init__ (29)
Module: core/classes/json_class.py -> set_value (50)
Module: core/classes/json_class.py -> set_value (50)
Module: core/classes/json_class.py -> set_value (50)
Module: core/classes/json_class.py -> set_value (50)
Module: core/classes/json_class.py -> set_value (50)
Module: core/classes/json_class.py -> set_value (50)
Module: core/classes/json_class.py -> set_value (50)
Module: core/classes/json_class.py -> __init__ (29)
Module: core/classes/json_class.py -> set_value (50)
Module: core/classes/json_class.py -> set_value (50)
Module: core/classes/json_class.py -> set_value (50)
Module: core/classes/json_class.py -> set_value (50)
Module: core/classes/json_class.py -> set_value (50)
Module: core/classes/json_class.py -> set_value (50)
Module: core/classes/json_class.py -> __init__ (29)
Module: core/classes/json_class.py -> set_value (50)
Module: core/classes/json_class.py -> set_value (50)
Module: core/classes/json_class.py -> set_value (50)
Module: core/classes/json_class.py -> set_value (50)
Module: core/classes/json_class.py -> set_value (50)
Module: core/classes/json_class.py -> set_value (50)
Module: core/classes/json_class.py -> set_value (50)
Module: core/classes/json_class.py -> __init__ (29)
Module: core/classes/json_class.py -> set_value (50)
Module: core/classes/json_class.py -> set_value (50)
Module: core/classes/json_class.py -> set_value (50)
Module: core/classes/json_class.py -> set_value (50)
Module: core/classes/json_class.py -> set_value (50)
Module: core/classes/json_class.py -> set_value (50)
Module: core/classes/json_class.py -> set_value (50)
Module: core/classes/json_class.py -> __init__ (29)
Module: core/classes/json_class.py -> set_value (50)
Module: core/classes/json_class.py -> set_value (50)
Module: core/classes/json_class.py -> set_value (50)
Module: core/classes/json_class.py -> set_value (50)
Module: core/classes/json_class.py -> set_value (50)
Module: core/classes/json_class.py -> set_value (50)
Module: core/classes/json_class.py -> set_value (50)
Module: core/classes/json_class.py -> __init__ (29)
Module: core/classes/json_class.py -> set_value (50)
Module: core/classes/json_class.py -> set_value (50)
Module: core/classes/json_class.py -> set_value (50)
Module: core/classes/json_class.py -> set_value (50)
Module: core/classes/json_class.py -> set_value (50)
Module: core/classes/json_class.py -> set_value (50)
Module: core/classes/json_class.py -> __init__ (29)
Module: core/classes/json_class.py -> set_value (50)
Module: core/classes/json_class.py -> set_value (50)
Module: core/classes/json_class.py -> set_value (50)
Module: core/classes/json_class.py -> set_value (50)
Module: core/classes/json_class.py -> set_value (50)
Module: core/classes/json_class.py -> set_value (50)
Module: core/classes/json_class.py -> set_value (50)
Module: core/classes/json_class.py -> __init__ (29)
Module: core/classes/json_class.py -> set_value (50)
Module: core/classes/json_class.py -> set_value (50)
Module: core/classes/json_class.py -> set_value (50)
Module: core/classes/json_class.py -> set_value (50)
Module: core/classes/json_class.py -> set_value (50)
Module: core/classes/json_class.py -> set_value (50)
Module: core/classes/json_class.py -> set_value (50)
Module: core/classes/json_class.py -> __init__ (29)
Module: core/classes/json_class.py -> set_value (50)
Module: core/classes/json_class.py -> set_value (50)
Module: core/classes/json_class.py -> set_value (50)
Module: core/classes/json_class.py -> set_value (50)
Module: core/classes/json_class.py -> set_value (50)
Module: core/classes/json_class.py -> set_value (50)
Module: core/classes/json_class.py -> set_value (50)
Module: core/classes/json_class.py -> __init__ (29)
Module: core/classes/json_class.py -> set_value (50)
Module: core/classes/json_class.py -> set_value (50)
Module: core/classes/json_class.py -> set_value (50)
Module: core/classes/json_class.py -> set_value (50)
Module: core/classes/json_class.py -> set_value (50)
Module: core/classes/json_class.py -> __init__ (29)
Module: core/classes/json_class.py -> set_value (50)
Module: core/classes/json_class.py -> set_value (50)
Module: core/classes/json_class.py -> set_value (50)
Module: core/classes/json_class.py -> set_value (50)
Module: core/classes/json_class.py -> set_value (50)
Module: core/classes/json_class.py -> set_value (50)
Module: core/classes/json_class.py -> __init__ (29)
Module: core/classes/json_class.py -> set_value (50)
Module: core/classes/json_class.py -> set_value (50)
Module: core/classes/json_class.py -> set_value (50)
Module: core/classes/json_class.py -> set_value (50)
Module: core/classes/json_class.py -> set_value (50)
Module: core/classes/json_class.py -> set_value (50)
Module: core/classes/json_class.py -> set_value (50)
Module: core/classes/json_class.py -> __init__ (29)
Module: core/classes/json_class.py -> set_value (50)
Module: core/classes/json_class.py -> set_value (50)
Module: core/classes/json_class.py -> set_value (50)
Module: core/classes/json_class.py -> set_value (50)
Module: core/classes/json_class.py -> set_value (50)
Module: core/classes/json_class.py -> __init__ (29)
Module: core/classes/json_class.py -> set_value (50)
Module: core/classes/json_class.py -> set_value (50)
Module: core/classes/json_class.py -> set_value (50)
Module: core/classes/json_class.py -> set_value (50)
Module: core/classes/json_class.py -> set_value (50)
Module: core/classes/json_class.py -> set_value (50)
Module: core/classes/json_class.py -> __init__ (29)
Module: core/classes/json_class.py -> set_value (50)
Module: core/classes/json_class.py -> set_value (50)
Module: core/classes/json_class.py -> set_value (50)
Module: core/classes/json_class.py -> set_value (50)
Module: core/classes/json_class.py -> set_value (50)
Module: core/classes/json_class.py -> set_value (50)
Module: core/classes/json_class.py -> set_value (50)
Module: core/classes/json_class.py -> __init__ (29)
Module: core/classes/json_class.py -> set_value (50)
Module: core/classes/json_class.py -> set_value (50)
Module: core/classes/json_class.py -> set_value (50)
Module: core/classes/json_class.py -> set_value (50)
Module: core/classes/json_class.py -> set_value (50)
Module: core/classes/json_class.py -> set_value (50)
Module: core/classes/json_class.py -> set_value (50)
Module: core/classes/json_class.py -> set_value (50)
Module: core/classes/json_class.py -> __init__ (29)
Module: core/classes/json_class.py -> set_value (50)
Module: core/classes/json_class.py -> set_value (50)
Module: core/classes/json_class.py -> set_value (50)
Module: core/classes/json_class.py -> set_value (50)
Module: core/classes/json_class.py -> set_value (50)
Module: core/classes/json_class.py -> set_value (50)
Module: core/classes/json_class.py -> set_value (50)
Module: core/classes/json_class.py -> set_value (50)
Module: core/classes/json_class.py -> __init__ (29)
Module: core/classes/json_class.py -> set_value (50)
Module: core/classes/json_class.py -> set_value (50)
Module: core/classes/json_class.py -> set_value (50)
Module: core/classes/json_class.py -> set_value (50)
Module: core/classes/json_class.py -> set_value (50)
Module: core/classes/json_class.py -> set_value (50)
Module: core/classes/json_class.py -> set_value (50)
Module: core/classes/json_class.py -> __init__ (29)
Module: core/classes/json_class.py -> set_value (50)
Module: core/classes/json_class.py -> set_value (50)
Module: core/classes/json_class.py -> set_value (50)
Module: core/classes/json_class.py -> set_value (50)
Module: core/classes/json_class.py -> set_value (50)
Module: core/classes/json_class.py -> set_value (50)
Module: core/classes/json_class.py -> set_value (50)
Module: core/classes/json_class.py -> __init__ (29)
Module: core/classes/json_class.py -> set_value (50)
Module: core/classes/json_class.py -> set_value (50)
Module: core/classes/json_class.py -> set_value (50)
Module: core/classes/json_class.py -> set_value (50)
Module: core/classes/json_class.py -> set_value (50)
Module: core/classes/json_class.py -> set_value (50)
Module: core/classes/json_class.py -> set_value (50)
Module: core/classes/json_class.py -> __init__ (29)
Module: core/classes/json_class.py -> set_value (50)
Module: core/classes/json_class.py -> set_value (50)
Module: core/classes/json_class.py -> set_value (50)
Module: core/classes/json_class.py -> set_value (50)
Module: core/classes/json_class.py -> set_value (50)
Module: core/classes/json_class.py -> set_value (50)
Module: core/classes/json_class.py -> set_value (50)
Module: core/classes/json_class.py -> __init__ (29)
Module: core/classes/json_class.py -> set_value (50)
Module: core/classes/json_class.py -> set_value (50)
Module: core/classes/json_class.py -> set_value (50)
Module: core/classes/json_class.py -> set_value (50)
Module: core/classes/json_class.py -> set_value (50)
Module: core/classes/json_class.py -> set_value (50)
Module: core/classes/json_class.py -> set_value (50)
Module: core/classes/json_class.py -> __init__ (29)
Module: core/classes/json_class.py -> set_value (50)
Module: core/classes/json_class.py -> set_value (50)
Module: core/classes/json_class.py -> set_value (50)
Module: core/classes/json_class.py -> set_value (50)
Module: core/classes/json_class.py -> set_value (50)
Module: core/classes/json_class.py -> set_value (50)
Module: core/classes/json_class.py -> set_value (50)
Module: core/classes/json_class.py -> __init__ (29)
Module: core/classes/json_class.py -> set_value (50)
Module: core/classes/json_class.py -> __init__ (29)
Module: core/classes/json_class.py -> set_value (50)
Module: core/classes/json_class.py -> set_value (50)
Module: core/classes/json_class.py -> set_value (50)
Module: core/classes/json_class.py -> set_value (50)
Module: core/classes/json_class.py -> set_value (50)
Module: core/classes/json_class.py -> __init__ (29)
Module: core/classes/json_class.py -> set_value (50)
Module: core/classes/json_class.py -> set_value (50)
Module: core/classes/json_class.py -> set_value (50)
Module: core/classes/json_class.py -> set_value (50)
Module: core/classes/json_class.py -> set_value (50)
Module: core/classes/json_class.py -> __init__ (29)
Module: core/classes/json_class.py -> set_value (50)
Module: core/classes/json_class.py -> __init__ (29)
Module: core/classes/json_class.py -> set_value (50)
Module: core/classes/json_class.py -> __init__ (29)
Module: core/classes/json_class.py -> set_value (50)
Module: core/classes/json_class.py -> set_value (50)
Module: core/classes/json_class.py -> set_value (50)
Module: core/classes/json_class.py -> set_value (50)
Module: core/classes/json_class.py -> set_value (50)
Module: core/classes/json_class.py -> set_value (50)
Module: core/classes/json_class.py -> set_value (50)
Module: core/classes/json_class.py -> set_value (50)
Module: core/classes/json_class.py -> set_value (50)
Module: core/classes/json_class.py -> __init__ (29)
Module: core/classes/json_class.py -> set_value (50)
Module: core/classes/json_class.py -> set_value (50)
Module: core/classes/json_class.py -> set_value (50)
Module: core/classes/json_class.py -> set_value (50)
Module: core/classes/json_class.py -> set_value (50)
Module: core/classes/json_class.py -> set_value (50)
Module: core/classes/json_class.py -> set_value (50)
Module: core/classes/json_class.py -> set_value (50)
Module: core/classes/json_class.py -> __init__ (29)
Module: core/classes/json_class.py -> set_value (50)
Module: core/classes/json_class.py -> set_value (50)
Module: core/classes/json_class.py -> set_value (50)
Module: core/classes/json_class.py -> set_value (50)
Module: core/classes/json_class.py -> set_value (50)
Module: core/classes/json_class.py -> set_value (50)
Module: core/classes/json_class.py -> set_value (50)
Module: core/classes/json_class.py -> set_value (50)
Module: core/classes/json_class.py -> set_value (50)
Module: core/classes/json_class.py -> __init__ (29)
Module: core/classes/json_class.py -> set_value (50)
Module: core/classes/json_class.py -> set_value (50)
Module: core/classes/json_class.py -> set_value (50)
Module: core/classes/json_class.py -> set_value (50)
Module: core/classes/json_class.py -> set_value (50)
Module: core/classes/json_class.py -> set_value (50)
Module: core/classes/json_class.py -> set_value (50)
Module: core/classes/json_class.py -> set_value (50)
Module: core/classes/json_class.py -> set_value (50)
Module: core/classes/json_class.py -> __init__ (29)
Module: core/classes/json_class.py -> set_value (50)
Module: core/classes/json_class.py -> set_value (50)
Module: core/classes/json_class.py -> set_value (50)
Module: core/classes/json_class.py -> set_value (50)
Module: core/classes/json_class.py -> set_value (50)
Module: core/classes/json_class.py -> set_value (50)
Module: core/classes/json_class.py -> set_value (50)
Module: core/classes/json_class.py -> set_value (50)
Module: core/classes/json_class.py -> set_value (50)
Module: core/classes/json_class.py -> __init__ (29)
Module: core/classes/json_class.py -> set_value (50)
Module: core/classes/json_class.py -> set_value (50)
Module: core/classes/json_class.py -> set_value (50)
Module: core/classes/json_class.py -> set_value (50)
Module: core/classes/json_class.py -> set_value (50)
Module: core/classes/json_class.py -> set_value (50)
Module: core/classes/json_class.py -> set_value (50)
Module: core/classes/json_class.py -> set_value (50)
Module: core/classes/json_class.py -> set_value (50)
Module: core/classes/json_class.py -> __init__ (29)
Module: core/classes/json_class.py -> set_value (50)
Module: core/classes/json_class.py -> set_value (50)
Module: core/classes/json_class.py -> set_value (50)
Module: core/classes/json_class.py -> set_value (50)
Module: core/classes/json_class.py -> set_value (50)
Module: core/classes/json_class.py -> set_value (50)
Module: core/classes/json_class.py -> set_value (50)
Module: core/classes/json_class.py -> set_value (50)
Module: core/classes/json_class.py -> set_value (50)
Module: core/classes/json_class.py -> set_value (50)
Module: core/classes/json_class.py -> set_value (50)
Module: core/classes/json_class.py -> set_value (50)
Module: core/classes/json_class.py -> __init__ (29)
Module: core/classes/json_class.py -> set_value (50)
Module: core/classes/json_class.py -> set_value (50)
Module: core/classes/json_class.py -> set_value (50)
Module: core/classes/json_class.py -> set_value (50)
Module: core/classes/json_class.py -> set_value (50)
Module: core/classes/json_class.py -> set_value (50)
Module: core/classes/json_class.py -> set_value (50)
Module: core/classes/json_class.py -> set_value (50)
Module: core/classes/json_class.py -> set_value (50)
Module: core/classes/json_class.py -> set_value (50)
Module: core/classes/json_class.py -> set_value (50)
Module: core/classes/json_class.py -> set_value (50)
Module: core/classes/json_class.py -> __init__ (29)
Module: core/classes/json_class.py -> set_value (50)
Module: core/classes/json_class.py -> set_value (50)
Module: core/classes/json_class.py -> set_value (50)
Module: core/classes/json_class.py -> set_value (50)
Module: core/classes/json_class.py -> set_value (50)
Module: core/classes/json_class.py -> set_value (50)
Module: core/classes/json_class.py -> set_value (50)
Module: core/classes/json_class.py -> set_value (50)
Module: core/classes/json_class.py -> set_value (50)
Module: core/classes/json_class.py -> set_value (50)
Module: core/classes/json_class.py -> set_value (50)
Module: core/classes/json_class.py -> set_value (50)
Module: core/classes/json_class.py -> set_value (50)
Module: core/classes/json_class.py -> __init__ (29)
Module: core/classes/json_class.py -> set_value (50)
Module: core/classes/json_class.py -> set_value (50)
Module: core/classes/json_class.py -> set_value (50)
Module: core/classes/json_class.py -> set_value (50)
Module: core/classes/json_class.py -> set_value (50)
Module: core/classes/json_class.py -> set_value (50)
Module: core/classes/json_class.py -> set_value (50)
Module: core/classes/json_class.py -> set_value (50)
Module: core/classes/json_class.py -> __init__ (29)
Module: core/classes/json_class.py -> set_value (50)
Module: core/classes/json_class.py -> set_value (50)
Module: core/classes/json_class.py -> set_value (50)
Module: core/classes/json_class.py -> set_value (50)
Module: core/classes/json_class.py -> set_value (50)
Module: core/classes/json_class.py -> set_value (50)
Module: core/classes/json_class.py -> set_value (50)
Module: core/classes/json_class.py -> set_value (50)
Module: core/classes/json_class.py -> set_value (50)
Module: core/classes/json_class.py -> set_value (50)
Module: core/classes/json_class.py -> set_value (50)
Module: core/classes/json_class.py -> set_value (50)
Module: core/classes/json_class.py -> __init__ (29)
Module: core/classes/json_class.py -> set_value (50)
Module: core/classes/json_class.py -> set_value (50)
Module: core/classes/json_class.py -> set_value (50)
Module: core/classes/json_class.py -> set_value (50)
Module: core/classes/json_class.py -> set_value (50)
Module: core/classes/json_class.py -> set_value (50)
Module: core/classes/json_class.py -> set_value (50)
Module: core/classes/json_class.py -> set_value (50)
Module: core/classes/json_class.py -> __init__ (29)
Module: core/classes/json_class.py -> set_value (50)
Module: core/classes/json_class.py -> set_value (50)
Module: core/classes/json_class.py -> set_value (50)
Module: core/classes/json_class.py -> set_value (50)
Module: core/classes/json_class.py -> set_value (50)
Module: core/classes/json_class.py -> set_value (50)
Module: core/classes/json_class.py -> set_value (50)
Module: core/classes/json_class.py -> set_value (50)
Module: core/classes/json_class.py -> __init__ (29)
Module: core/classes/json_class.py -> set_value (50)
Module: core/classes/json_class.py -> set_value (50)
Module: core/classes/json_class.py -> set_value (50)
Module: core/classes/json_class.py -> set_value (50)
Module: core/classes/json_class.py -> set_value (50)
Module: core/classes/json_class.py -> set_value (50)
Module: core/classes/json_class.py -> set_value (50)
Module: core/classes/json_class.py -> set_value (50)
Module: core/classes/json_class.py -> set_value (50)
Module: core/classes/json_class.py -> set_value (50)
Module: core/classes/json_class.py -> set_value (50)
Module: core/classes/json_class.py -> set_value (50)
Module: core/classes/json_class.py -> __init__ (29)
Module: core/classes/json_class.py -> set_value (50)
Module: core/classes/json_class.py -> set_value (50)
Module: core/classes/json_class.py -> set_value (50)
Module: core/classes/json_class.py -> set_value (50)
Module: core/classes/json_class.py -> set_value (50)
Module: core/classes/json_class.py -> set_value (50)
Module: core/classes/json_class.py -> set_value (50)
Module: core/classes/json_class.py -> set_value (50)
Module: core/classes/json_class.py -> set_value (50)
Module: core/classes/json_class.py -> __init__ (29)
Module: core/classes/json_class.py -> set_value (50)
Module: core/classes/json_class.py -> set_value (50)
Module: core/classes/json_class.py -> set_value (50)
Module: core/classes/json_class.py -> set_value (50)
Module: core/classes/json_class.py -> set_value (50)
Module: core/classes/json_class.py -> set_value (50)
Module: core/classes/json_class.py -> set_value (50)
Module: core/classes/json_class.py -> set_value (50)
Module: core/classes/json_class.py -> set_value (50)
Module: core/classes/json_class.py -> set_value (50)
Module: core/classes/json_class.py -> set_value (50)
Module: core/classes/json_class.py -> set_value (50)
Module: core/classes/json_class.py -> __init__ (29)
Module: core/classes/json_class.py -> set_value (50)
Module: core/classes/json_class.py -> __init__ (29)
Module: core/classes/json_class.py -> set_value (50)
Module: core/classes/json_class.py -> set_value (50)
Module: core/classes/json_class.py -> set_value (50)
Module: core/classes/json_class.py -> set_value (50)
Module: core/classes/json_class.py -> set_value (50)
Module: core/classes/json_class.py -> set_value (50)
Module: core/classes/json_class.py -> set_value (50)
Module: core/classes/json_class.py -> __init__ (29)
Module: core/classes/json_class.py -> set_value (50)
Module: core/classes/json_class.py -> __init__ (29)
Module: core/classes/json_class.py -> set_value (50)
Module: core/classes/json_class.py -> set_value (50)
Module: core/classes/json_class.py -> set_value (50)
Module: core/classes/json_class.py -> set_value (50)
Module: core/classes/json_class.py -> set_value (50)
Module: core/classes/json_class.py -> set_value (50)
Module: core/classes/json_class.py -> set_value (50)
Module: core/classes/json_class.py -> set_value (50)
Module: core/classes/json_class.py -> set_value (50)
Module: core/classes/json_class.py -> set_value (50)
Module: core/classes/json_class.py -> __init__ (29)
Module: core/classes/json_class.py -> set_value (50)
Module: core/classes/json_class.py -> set_value (50)
Module: core/classes/json_class.py -> set_value (50)
Module: core/classes/json_class.py -> set_value (50)
Module: core/classes/json_class.py -> set_value (50)
Module: core/classes/json_class.py -> set_value (50)
Module: core/classes/json_class.py -> set_value (50)
Module: core/classes/json_class.py -> set_value (50)
Module: core/classes/json_class.py -> set_value (50)
Module: core/classes/json_class.py -> set_value (50)
Module: core/classes/json_class.py -> __init__ (29)
Module: core/classes/json_class.py -> set_value (50)
Module: core/classes/json_class.py -> set_value (50)
Module: core/classes/json_class.py -> set_value (50)
Module: core/classes/json_class.py -> set_value (50)
Module: core/classes/json_class.py -> set_value (50)
Module: core/classes/json_class.py -> set_value (50)
Module: core/classes/json_class.py -> set_value (50)
Module: core/classes/json_class.py -> set_value (50)
Module: core/classes/json_class.py -> set_value (50)
Module: core/classes/json_class.py -> set_value (50)
Module: core/classes/json_class.py -> __init__ (29)
Module: core/classes/json_class.py -> set_value (50)
Module: core/classes/json_class.py -> set_value (50)
Module: core/classes/json_class.py -> set_value (50)
Module: core/classes/json_class.py -> set_value (50)
Module: core/classes/json_class.py -> set_value (50)
Module: core/classes/json_class.py -> set_value (50)
Module: core/classes/json_class.py -> set_value (50)
Module: core/classes/json_class.py -> set_value (50)
Module: core/classes/json_class.py -> set_value (50)
Module: core/classes/json_class.py -> set_value (50)
Module: core/classes/json_class.py -> __init__ (29)
Module: core/classes/json_class.py -> set_value (50)
Module: core/classes/json_class.py -> set_value (50)
Module: core/classes/json_class.py -> set_value (50)
Module: core/classes/json_class.py -> set_value (50)
Module: core/classes/json_class.py -> set_value (50)
Module: core/classes/json_class.py -> set_value (50)
Module: core/classes/json_class.py -> set_value (50)
Module: core/classes/json_class.py -> set_value (50)
Module: core/classes/json_class.py -> set_value (50)
Module: core/classes/json_class.py -> set_value (50)
Module: core/classes/json_class.py -> __init__ (29)
Module: core/classes/json_class.py -> set_value (50)
Module: core/classes/json_class.py -> set_value (50)
Module: core/classes/json_class.py -> set_value (50)
Module: core/classes/json_class.py -> set_value (50)
Module: core/classes/json_class.py -> set_value (50)
Module: core/classes/json_class.py -> set_value (50)
Module: core/classes/json_class.py -> set_value (50)
Module: core/classes/json_class.py -> set_value (50)
Module: core/classes/json_class.py -> set_value (50)
Module: core/classes/json_class.py -> set_value (50)
Module: core/classes/json_class.py -> __init__ (29)
Module: core/classes/json_class.py -> set_value (50)
Module: core/classes/json_class.py -> set_value (50)
Module: core/classes/json_class.py -> set_value (50)
Module: core/classes/json_class.py -> set_value (50)
Module: core/classes/json_class.py -> set_value (50)
Module: core/classes/json_class.py -> set_value (50)
Module: core/classes/json_class.py -> set_value (50)
Module: core/classes/json_class.py -> set_value (50)
Module: core/classes/json_class.py -> set_value (50)
Module: core/classes/json_class.py -> set_value (50)
Module: core/classes/json_class.py -> __init__ (29)
Module: core/classes/json_class.py -> set_value (50)
Module: core/classes/json_class.py -> set_value (50)
Module: core/classes/json_class.py -> set_value (50)
Module: core/classes/json_class.py -> set_value (50)
Module: core/classes/json_class.py -> set_value (50)
Module: core/classes/json_class.py -> set_value (50)
Module: core/classes/json_class.py -> set_value (50)
Module: core/classes/json_class.py -> set_value (50)
Module: core/classes/json_class.py -> set_value (50)
Module: core/classes/json_class.py -> set_value (50)
Module: core/classes/json_class.py -> __init__ (29)
Module: core/classes/json_class.py -> set_value (50)
Module: core/classes/json_class.py -> set_value (50)
Module: core/classes/json_class.py -> set_value (50)
Module: core/classes/json_class.py -> set_value (50)
Module: core/classes/json_class.py -> set_value (50)
Module: core/classes/json_class.py -> set_value (50)
Module: core/classes/json_class.py -> set_value (50)
Module: core/classes/json_class.py -> set_value (50)
Module: core/classes/json_class.py -> set_value (50)
Module: core/classes/json_class.py -> set_value (50)
Module: core/classes/json_class.py -> __init__ (29)
Module: core/classes/json_class.py -> set_value (50)
Module: core/classes/json_class.py -> set_value (50)
Module: core/classes/json_class.py -> set_value (50)
Module: core/classes/json_class.py -> set_value (50)
Module: core/classes/json_class.py -> set_value (50)
Module: core/classes/json_class.py -> set_value (50)
Module: core/classes/json_class.py -> set_value (50)
Module: core/classes/json_class.py -> set_value (50)
Module: core/classes/json_class.py -> set_value (50)
Module: core/classes/json_class.py -> set_value (50)
Module: core/classes/json_class.py -> set_value (50)
Module: core/classes/json_class.py -> set_value (50)
Module: core/classes/json_class.py -> set_value (50)
Module: core/classes/json_class.py -> set_value (50)
Module: core/classes/json_class.py -> set_value (50)
Module: core/classes/json_class.py -> set_value (50)
Module: core/classes/json_class.py -> set_value (50)
Module: core/classes/json_class.py -> set_value (50)
Module: core/classes/json_class.py -> set_value (50)
Module: core/classes/json_class.py -> set_value (50)
Module: core/classes/json_class.py -> set_value (50)
Module: core/classes/json_class.py -> set_value (50)
Module: core/classes/json_class.py -> set_value (50)
Module: core/classes/json_class.py -> set_value (50)
Module: core/classes/json_class.py -> set_value (50)
Module: core/classes/json_class.py -> set_value (50)
Module: core/classes/json_class.py -> set_value (50)
Module: core/classes/json_class.py -> set_value (50)
Module: core/classes/json_class.py -> set_value (50)
Module: core/classes/json_class.py -> set_value (50)
Module: core/classes/json_class.py -> set_value (50)
Module: core/classes/json_class.py -> set_value (50)
Module: core/classes/json_class.py -> set_value (50)
Module: core/classes/json_class.py -> set_value (50)
Module: core/classes/json_class.py -> set_value (50)
Module: core/classes/json_class.py -> set_value (50)
Module: core/classes/json_class.py -> set_value (50)
Module: core/classes/json_class.py -> set_value (50)
Module: core/classes/json_class.py -> set_value (50)
Module: core/classes/json_class.py -> set_value (50)
Module: core/classes/json_class.py -> set_value (50)
Module: core/classes/json_class.py -> set_value (50)
Module: core/classes/json_class.py -> set_value (50)
Module: core/classes/json_class.py -> set_value (50)
Module: core/classes/json_class.py -> set_value (50)
Module: core/classes/json_class.py -> set_value (50)
Module: core/classes/json_class.py -> set_value (50)
Module: core/classes/json_class.py -> set_value (50)
Module: core/classes/json_class.py -> set_value (50)
Module: core/classes/json_class.py -> set_value (50)
Module: core/classes/json_class.py -> set_value (50)
Module: core/classes/json_class.py -> set_value (50)
Module: core/classes/json_class.py -> set_value (50)
Module: core/classes/json_class.py -> set_value (50)
Module: core/classes/json_class.py -> set_value (50)
Module: core/classes/json_class.py -> set_value (50)
Module: core/classes/json_class.py -> __init__ (29)
Module: core/classes/json_class.py -> set_value (50)
Module: core/classes/json_class.py -> __init__ (29)
Module: core/classes/json_class.py -> set_value (50)
Module: core/classes/json_class.py -> set_value (50)
Module: core/classes/json_class.py -> set_value (50)
Module: core/classes/json_class.py -> set_value (50)
Module: core/classes/json_class.py -> set_value (50)
Module: core/classes/json_class.py -> set_value (50)
Module: core/classes/json_class.py -> set_value (50)
Module: core/classes/json_class.py -> set_value (50)
Module: core/classes/json_class.py -> set_value (50)
Module: core/classes/json_class.py -> set_value (50)
Module: core/classes/json_class.py -> set_value (50)
Module: core/classes/json_class.py -> set_value (50)
Module: core/classes/json_class.py -> set_value (50)
Module: core/classes/json_class.py -> set_value (50)
Module: core/classes/json_class.py -> set_value (50)
Module: core/classes/json_class.py -> set_value (50)
Module: core/classes/json_class.py -> set_value (50)
Module: core/classes/json_class.py -> set_value (50)
Module: core/classes/json_class.py -> set_value (50)
Module: core/classes/json_class.py -> set_value (50)
Module: core/classes/json_class.py -> set_value (50)
Module: core/classes/json_class.py -> set_value (50)
Module: core/classes/json_class.py -> set_value (50)
Module: core/classes/json_class.py -> set_value (50)
Module: core/classes/json_class.py -> set_value (50)
Module: core/classes/json_class.py -> __init__ (29)
Module: core/classes/json_class.py -> set_value (50)
Module: core/classes/json_class.py -> set_value (50)
Module: core/classes/json_class.py -> __init__ (29)
Module: core/classes/json_class.py -> set_value (50)
Module: core/classes/json_class.py -> set_value (50)
Module: core/classes/json_class.py -> __init__ (29)
Module: core/classes/json_class.py -> set_value (50)
Module: core/classes/json_class.py -> __init__ (29)
Module: core/classes/json_class.py -> set_value (50)
Module: core/classes/json_class.py -> set_value (50)
Module: core/classes/json_class.py -> set_value (50)
Module: core/classes/json_class.py -> set_value (50)
Module: core/classes/json_class.py -> set_value (50)
Module: core/classes/json_class.py -> __init__ (29)
Module: core/classes/json_class.py -> set_value (50)
Module: core/classes/json_class.py -> set_value (50)
Module: core/classes/json_class.py -> set_value (50)
Module: core/classes/json_class.py -> set_value (50)
Module: core/classes/json_class.py -> __init__ (29)
Module: core/classes/json_class.py -> set_value (50)
Module: core/classes/json_class.py -> set_value (50)
Module: core/classes/json_class.py -> set_value (50)
Module: core/classes/json_class.py -> set_value (50)
Module: core/classes/json_class.py -> __init__ (29)
Module: core/classes/json_class.py -> set_value (50)
Module: core/classes/json_class.py -> set_value (50)
Module: core/classes/json_class.py -> set_value (50)
Module: core/classes/json_class.py -> set_value (50)
Module: core/classes/json_class.py -> set_value (50)
Module: core/classes/json_class.py -> __init__ (29)
Module: core/classes/json_class.py -> set_value (50)
Module: core/classes/json_class.py -> set_value (50)
Module: core/classes/json_class.py -> set_value (50)
Module: core/classes/json_class.py -> __init__ (29)
Module: core/classes/json_class.py -> set_value (50)
Module: core/classes/json_class.py -> set_value (50)
Module: core/classes/json_class.py -> set_value (50)
Module: core/classes/json_class.py -> set_value (50)
Module: core/classes/json_class.py -> set_value (50)
Module: core/classes/json_class.py -> __init__ (29)
Module: core/classes/json_class.py -> set_value (50)
Module: core/classes/json_class.py -> __init__ (29)
Module: core/classes/json_class.py -> set_value (50)
Module: core/classes/json_class.py -> set_value (50)
Module: core/classes/json_class.py -> set_value (50)
Module: core/classes/json_class.py -> set_value (50)
Module: core/classes/json_class.py -> set_value (50)
Module: core/classes/json_class.py -> set_value (50)
Module: core/classes/json_class.py -> set_value (50)
Module: core/classes/json_class.py -> __init__ (29)
Module: core/classes/json_class.py -> set_value (50)
Module: core/classes/json_class.py -> __init__ (29)
Module: core/classes/json_class.py -> set_value (50)
Module: core/classes/json_class.py -> set_value (50)
Module: core/classes/json_class.py -> set_value (50)
Module: core/classes/json_class.py -> __init__ (29)
Module: core/classes/json_class.py -> set_value (50)
Module: core/classes/json_class.py -> set_value (50)
Module: core/classes/json_class.py -> set_value (50)
Module: core/classes/json_class.py -> set_value (50)
Module: core/classes/json_class.py -> set_value (50)
Module: core/classes/json_class.py -> __init__ (29)
Module: core/classes/json_class.py -> set_value (50)
Module: core/classes/json_class.py -> set_value (50)
Module: core/classes/json_class.py -> set_value (50)
Module: core/classes/json_class.py -> set_value (50)
Module: core/classes/json_class.py -> set_value (50)
Module: core/classes/json_class.py -> set_value (50)
Module: core/classes/json_class.py -> __init__ (29)
Module: core/classes/json_class.py -> set_value (50)
Module: core/classes/json_class.py -> set_value (50)
Module: core/classes/json_class.py -> set_value (50)
Module: core/classes/json_class.py -> set_value (50)
Module: core/classes/json_class.py -> set_value (50)
Module: core/classes/json_class.py -> set_value (50)
Module: core/classes/json_class.py -> __init__ (29)
Module: core/classes/json_class.py -> set_value (50)
Module: core/classes/json_class.py -> set_value (50)
Module: core/classes/json_class.py -> set_value (50)
Module: core/classes/json_class.py -> set_value (50)
Module: core/classes/json_class.py -> set_value (50)
Module: core/classes/json_class.py -> set_value (50)
Module: core/classes/json_class.py -> set_value (50)
Module: core/classes/json_class.py -> __init__ (29)
Module: core/classes/json_class.py -> set_value (50)
Module: core/classes/json_class.py -> set_value (50)
Module: core/classes/json_class.py -> set_value (50)
Module: core/classes/json_class.py -> set_value (50)
Module: core/classes/json_class.py -> set_value (50)
Module: core/classes/json_class.py -> __init__ (29)
Module: core/classes/json_class.py -> set_value (50)
Module: core/classes/json_class.py -> set_value (50)
Module: core/classes/json_class.py -> set_value (50)
Module: core/classes/json_class.py -> set_value (50)
Module: core/classes/json_class.py -> set_value (50)
Module: core/classes/json_class.py -> set_value (50)
Module: core/classes/json_class.py -> set_value (50)
Module: core/classes/json_class.py -> set_value (50)
Module: core/classes/json_class.py -> __init__ (29)
Module: core/classes/json_class.py -> set_value (50)
Module: core/classes/json_class.py -> __init__ (29)
Module: core/classes/json_class.py -> set_value (50)
Module: core/classes/json_class.py -> set_value (50)
Module: core/classes/json_class.py -> set_value (50)
Module: core/classes/json_class.py -> set_value (50)
Module: core/classes/json_class.py -> set_value (50)
Module: core/classes/json_class.py -> set_value (50)
Module: core/classes/json_class.py -> set_value (50)
Module: core/classes/json_class.py -> __init__ (29)
Module: core/classes/json_class.py -> set_value (50)
Module: core/classes/json_class.py -> set_value (50)
Module: core/classes/json_class.py -> set_value (50)
Module: core/classes/json_class.py -> __init__ (29)
Module: core/classes/json_class.py -> set_value (50)
Module: core/classes/json_class.py -> set_value (50)
Module: core/classes/json_class.py -> set_value (50)
Module: core/classes/json_class.py -> set_value (50)
Module: core/classes/json_class.py -> __init__ (29)
Module: core/classes/json_class.py -> set_value (50)
Module: core/classes/json_class.py -> set_value (50)
Module: core/classes/json_class.py -> set_value (50)
Module: core/classes/json_class.py -> set_value (50)
Module: core/classes/json_class.py -> __init__ (29)
Module: core/classes/json_class.py -> set_value (50)
Module: core/classes/json_class.py -> __init__ (29)
Module: core/classes/json_class.py -> set_value (50)
Module: core/classes/json_class.py -> set_value (50)
Module: core/classes/json_class.py -> set_value (50)
Module: core/classes/json_class.py -> set_value (50)
Module: core/classes/json_class.py -> set_value (50)
Module: core/classes/json_class.py -> set_value (50)
Module: core/classes/json_class.py -> items_list (99)
Module: core/classes/core_class.py -> has (221)
Module: core/classes/core_class.py -> add_key_dict (241)
Module: core/classes/core_class.py -> has (221)
Module: core/classes/core_class.py -> has (221)
Module: core/classes/core_class.py -> add_key_dict (241)
Module: core/classes/core_class.py -> has (221)
Module: core/classes/core_class.py -> add_key_dict (241)
Module: core/classes/core_class.py -> has (221)
Module: core/classes/core_class.py -> add_key_dict (241)
Module: core/classes/core_class.py -> has (221)
Module: core/classes/core_class.py -> add_key_dict (241)
Module: core/classes/bucket_class.py -> __init__ (38)
Module: core/classes/core_class.py -> __init__ (55)
Module: core/classes/json_class.py -> items_list (99)
Module: core/classes/core_class.py -> has (221)
Module: core/classes/core_class.py -> has (221)
Module: core/classes/core_class.py -> has (221)
Module: core/classes/core_class.py -> has (221)
Module: core/classes/core_class.py -> has (221)
Module: core/classes/core_class.py -> has (221)
Module: core/classes/bucket_class.py -> setup_buckets (77)
Module: core/classes/bucket_class.py -> load_buckets (138)
Module: core/classes/bucket_class.py -> load_buckets (138)
Module: core/classes/bucket_class.py -> create_buckets (237)
Module: core/classes/bucket_class.py -> load_buckets (138)
Module: core/classes/bucket_class.py -> create_buckets (237)
Module: core/classes/bucket_class.py -> load_buckets (138)
Module: core/classes/bucket_class.py -> create_buckets (237)
Module: core/classes/bucket_class.py -> load_buckets (138)
Module: core/classes/bucket_class.py -> create_buckets (237)
Module: core/classes/bucket_class.py -> load_buckets (138)
Module: core/classes/bucket_class.py -> create_buckets (237)
Module: core/classes/bucket_class.py -> load_buckets (138)
Module: core/classes/bucket_class.py -> create_buckets (237)
Module: core/classes/bucket_class.py -> load_buckets (138)
Module: core/classes/bucket_class.py -> create_buckets (237)
Module: core/classes/bucket_class.py -> load_buckets (138)
Module: core/classes/bucket_class.py -> create_buckets (237)
Module: core/classes/bucket_class.py -> load_buckets (138)
Module: core/classes/bucket_class.py -> create_buckets (237)
Module: core/classes/bucket_class.py -> load_buckets (138)
Module: core/classes/bucket_class.py -> create_buckets (237)
Module: core/classes/bucket_class.py -> load_buckets (138)
Module: core/classes/bucket_class.py -> create_buckets (237)
Module: core/classes/bucket_class.py -> load_buckets (138)
Module: core/classes/bucket_class.py -> create_buckets (237)
Module: core/classes/bucket_class.py -> load_buckets (138)
Module: core/classes/bucket_class.py -> create_buckets (237)
Module: core/classes/bucket_class.py -> load_buckets (138)
Module: core/classes/bucket_class.py -> create_buckets (237)
Module: core/classes/bucket_class.py -> load_buckets (138)
Module: core/classes/bucket_class.py -> create_buckets (237)
Module: core/classes/bucket_class.py -> load_buckets (138)
Module: core/classes/bucket_class.py -> create_buckets (237)
Module: core/classes/bucket_class.py -> load_buckets (138)
Module: core/classes/bucket_class.py -> create_buckets (237)
Module: core/classes/bucket_class.py -> load_buckets (138)
Module: core/classes/bucket_class.py -> create_buckets (237)
Module: core/classes/bucket_class.py -> load_buckets (138)
Module: core/classes/bucket_class.py -> create_buckets (237)
Module: core/classes/bucket_class.py -> load_buckets (138)
Module: core/classes/bucket_class.py -> create_buckets (237)
Module: core/classes/bucket_class.py -> load_buckets (138)
Module: core/classes/bucket_class.py -> create_buckets (237)
Module: core/classes/bucket_class.py -> load_buckets (138)
Module: core/classes/bucket_class.py -> create_buckets (237)
Module: core/classes/bucket_class.py -> load_buckets (138)
Module: core/classes/bucket_class.py -> create_buckets (237)
Module: core/classes/bucket_class.py -> load_buckets (138)
Module: core/classes/bucket_class.py -> create_buckets (237)
Module: core/classes/bucket_class.py -> load_buckets (138)
Module: core/classes/bucket_class.py -> create_buckets (237)
Module: core/classes/bucket_class.py -> load_buckets (138)
Module: core/classes/bucket_class.py -> create_buckets (237)
Module: core/classes/bucket_class.py -> load_buckets (138)
Module: core/classes/bucket_class.py -> create_buckets (237)
Module: core/classes/bucket_class.py -> load_buckets (138)
Module: core/classes/bucket_class.py -> create_buckets (237)
Module: core/classes/bucket_class.py -> load_buckets (138)
Module: core/classes/bucket_class.py -> create_buckets (237)
Module: core/classes/bucket_class.py -> load_buckets (138)
Module: core/classes/bucket_class.py -> create_buckets (237)
Module: core/classes/bucket_class.py -> load_buckets (138)
Module: core/classes/bucket_class.py -> create_buckets (237)
Module: core/classes/bucket_class.py -> load_buckets (138)
Module: core/classes/bucket_class.py -> create_buckets (237)
Module: core/classes/bucket_class.py -> load_buckets (138)
Module: core/classes/bucket_class.py -> create_buckets (237)
Module: core/classes/bucket_class.py -> load_buckets (138)
Module: core/classes/bucket_class.py -> create_buckets (237)
Module: core/classes/bucket_class.py -> load_buckets (138)
Module: core/classes/bucket_class.py -> create_buckets (237)
Module: core/classes/bucket_class.py -> load_buckets (138)
Module: core/classes/bucket_class.py -> create_buckets (237)
Module: core/classes/bucket_class.py -> load_buckets (138)
Module: core/classes/bucket_class.py -> create_buckets (237)
Module: core/classes/bucket_class.py -> load_buckets (138)
Module: core/classes/bucket_class.py -> create_buckets (237)
Module: core/classes/bucket_class.py -> load_buckets (138)
Module: core/classes/bucket_class.py -> create_buckets (237)
Module: core/classes/bucket_class.py -> load_buckets (138)
Module: core/classes/bucket_class.py -> load_buckets (138)
Module: core/classes/bucket_class.py -> create_buckets (237)
Module: core/classes/bucket_class.py -> load_buckets (138)
Module: core/classes/bucket_class.py -> create_buckets (237)
Module: core/classes/bucket_class.py -> load_buckets (138)
Module: core/classes/bucket_class.py -> create_buckets (237)
Module: core/classes/bucket_class.py -> load_buckets (138)
Module: core/classes/bucket_class.py -> create_buckets (237)
Module: core/classes/bucket_class.py -> load_buckets (138)
Module: core/classes/bucket_class.py -> create_buckets (237)
Module: core/classes/bucket_class.py -> load_buckets (138)
Module: core/classes/bucket_class.py -> create_buckets (237)
Module: core/classes/bucket_class.py -> update_buckets (311)
Module: core/classes/bucket_class.py -> update_buckets (311)
Module: core/classes/bucket_class.py -> update_buckets (311)
Module: core/classes/bucket_class.py -> update_buckets (311)
Module: core/classes/bucket_class.py -> update_buckets (311)
Module: core/classes/bucket_class.py -> update_buckets (311)
Module: core/classes/bucket_class.py -> update_buckets (311)
Module: core/classes/bucket_class.py -> update_buckets (311)
Module: core/classes/bucket_class.py -> update_buckets (311)
Module: core/classes/bucket_class.py -> update_buckets (311)
Module: core/classes/bucket_class.py -> update_buckets (311)
Module: core/classes/bucket_class.py -> update_buckets (311)
Module: core/classes/bucket_class.py -> update_buckets (311)
Module: core/classes/bucket_class.py -> update_buckets (311)
Module: core/classes/bucket_class.py -> update_buckets (311)
Module: core/classes/bucket_class.py -> update_buckets (311)
Module: core/classes/bucket_class.py -> update_buckets (311)
Module: core/classes/bucket_class.py -> update_buckets (311)
Module: core/classes/bucket_class.py -> update_buckets (311)
Module: core/classes/bucket_class.py -> update_buckets (311)
Module: core/classes/bucket_class.py -> update_buckets (311)
Module: core/classes/bucket_class.py -> update_buckets (311)
Module: core/classes/bucket_class.py -> update_buckets (311)
Module: core/classes/bucket_class.py -> update_buckets (311)
Module: core/classes/bucket_class.py -> update_buckets (311)
Module: core/classes/bucket_class.py -> update_buckets (311)
Module: core/classes/bucket_class.py -> update_buckets (311)
Module: core/classes/bucket_class.py -> update_buckets (311)
Module: core/classes/bucket_class.py -> update_buckets (311)
Module: core/classes/bucket_class.py -> update_buckets (311)
Module: core/classes/bucket_class.py -> update_buckets (311)
Module: core/classes/bucket_class.py -> update_buckets (311)
Module: core/classes/bucket_class.py -> update_buckets (311)
Module: core/classes/bucket_class.py -> update_buckets (311)
Module: core/classes/bucket_class.py -> update_buckets (311)
Module: core/classes/bucket_class.py -> update_buckets (311)
Module: core/classes/bucket_class.py -> update_buckets (311)
Module: core/classes/bucket_class.py -> update_buckets (311)
Module: core/classes/bucket_class.py -> update_buckets (311)
Module: core/classes/bucket_class.py -> update_buckets (311)
Module: core/classes/bucket_class.py -> update_buckets (311)
Module: core/classes/bucket_class.py -> update_buckets (311)
Module: core/classes/bucket_class.py -> update_buckets (311)
Module: core/classes/bucket_class.py -> update_buckets (311)
Module: core/classes/bucket_class.py -> update_buckets (311)
Module: core/classes/bucket_class.py -> update_buckets (311)
Module: core/classes/bucket_class.py -> load_buckets (138)
Module: core/classes/bucket_class.py -> load_buckets (138)
Module: core/classes/bucket_class.py -> create_buckets (237)
Module: core/classes/bucket_class.py -> load_buckets (138)
Module: core/classes/bucket_class.py -> create_buckets (237)
Module: core/classes/bucket_class.py -> load_buckets (138)
Module: core/classes/bucket_class.py -> create_buckets (237)
Module: core/classes/bucket_class.py -> load_buckets (138)
Module: core/classes/bucket_class.py -> create_buckets (237)
Module: core/classes/bucket_class.py -> load_buckets (138)
Module: core/classes/bucket_class.py -> create_buckets (237)
Module: core/classes/bucket_class.py -> load_buckets (138)
Module: core/classes/bucket_class.py -> create_buckets (237)
Module: core/classes/bucket_class.py -> load_buckets (138)
Module: core/classes/bucket_class.py -> update_buckets (311)
Module: core/classes/bucket_class.py -> update_buckets (311)
Module: core/classes/bucket_class.py -> update_buckets (311)
Module: core/classes/bucket_class.py -> update_buckets (311)
Module: core/classes/bucket_class.py -> update_buckets (311)
Module: core/classes/bucket_class.py -> update_buckets (311)
Module: core/classes/bucket_class.py -> update_buckets (311)
Module: core/classes/app_class.py -> export_project (84)
Module: core/core_module.py -> export_config (215)
Module: core/core_module.py -> export_config (215)
Module: core/core_module.py -> import_config (370)
Module: app/mod_classes.py -> configure_environment (104)
Module: core/core_toolset.py -> configure_revparse (95)
Module: core/classes/json_class.py -> __init__ (29)
Module: core/classes/json_class.py -> set_value (50)
Module: core/classes/json_class.py -> set_value (50)
Module: core/classes/json_class.py -> set_value (50)
Module: core/classes/json_class.py -> set_value (50)
Module: core/classes/json_class.py -> set_value (50)
Module: core/classes/json_class.py -> set_value (50)
Module: core/classes/json_class.py -> set_value (50)
Module: core/classes/json_class.py -> set_value (50)
Module: core/classes/json_class.py -> set_value (50)
Module: core/classes/json_class.py -> set_value (50)
Module: core/classes/json_class.py -> set_value (50)
Module: core/classes/json_class.py -> set_value (50)
Module: app/mod_classes.py -> import_branches (417)
Module: app/mod_classes.py -> include_branch (450)
Module: app/mod_classes.py -> enable_branch (299)
Module: core/core_toolset.py -> display_message (199)
Module: core/core_toolset.py -> display_message (199)
Module: core/core_toolset.py -> execute_command (251)
Module: app/mod_classes.py -> include_branch (450)
Module: app/mod_classes.py -> enable_branch (299)
Module: core/core_toolset.py -> display_message (199)
Module: core/core_toolset.py -> display_message (199)
Module: core/core_toolset.py -> execute_command (251)
Module: app/mod_classes.py -> include_branch (450)
Module: app/mod_classes.py -> enable_branch (299)
Module: core/core_toolset.py -> display_message (199)
Module: core/core_toolset.py -> display_message (199)
Module: core/core_toolset.py -> execute_command (251)
Module: app/mod_classes.py -> manage_branches (531)
Module: app/mod_classes.py -> filter_branch (379)
Module: app/mod_classes.py -> filter_branch (379)
Module: app/mod_classes.py -> enable_branch (299)
Module: core/core_toolset.py -> display_message (199)
Module: core/core_toolset.py -> display_message (199)
Module: core/core_toolset.py -> execute_command (251)
Module: app/mod_classes.py -> filter_branch (379)
Module: app/mod_classes.py -> enable_branch (299)
Module: core/core_toolset.py -> display_message (199)
Module: core/core_toolset.py -> display_message (199)
Module: core/core_toolset.py -> execute_command (251)
Module: app/mod_classes.py -> filter_branch (379)
Module: app/mod_classes.py -> enable_branch (299)
Module: core/core_toolset.py -> display_message (199)
Module: core/core_toolset.py -> display_message (199)
Module: core/core_toolset.py -> execute_command (251)
Module: app/mod_classes.py -> filter_branch (379)